<?xml version="1.0" encoding="UTF-8"?>
<!-- Generated by org.testng.reporters.JUnitReportReporter -->
<testsuite hostname="LAPTOP-G8SMGIET" failures="0" tests="2" name="com.home.testng.testcases.ParameterExample" time="0.004" errors="0" timestamp="05 Jul 2021 04:35:33 GMT" skipped="0">
  <testcase classname="com.home.testng.testcases.ParameterExample" name="sum2" time="0.002"/>
  <testcase classname="com.home.testng.testcases.ParameterExample" name="sum" time="0.002"/>
</testsuite> <!-- com.home.testng.testcases.ParameterExample -->
